

***********************************************************************
Fatal NI connect error 12203, connecting to:
 (DESCRIPTION=(ADDRESS_LIST=(ADDRESS=(COMMUNITY=airbus.industrie)(PROTOCOL=TCP)(HOST=isis)(PORT=1521)))(CONNECT_DATA=(SID=dbudst00)(CID=(PROGRAM=)(HOST=isis)(USER=st00_dev))))

  VERSION INFORMATION:
	TNS for IBM/AIX RISC System/6000: Version 8.0.6.0.0 - Production
	TCP/IP NT Protocol Adapter for IBM/AIX RISC System/6000: Version 8.0.6.0.0 - Production
  Time: 25-JUL-01 11:56:23
  Tracing not turned on.
  Tns error struct:
    nr err code: 12203
    TNS-12203: TNS:unable to connect to destination
    ns main err code: 12541
    TNS-12541: TNS:no listener
    ns secondary err code: 12560
    nt main err code: 511
    TNS-00511: No listener
    nt secondary err code: 79
    nt OS err code: 0


***********************************************************************
Fatal NI connect error 12541, connecting to:
 (DESCRIPTION=(ADDRESS=(COMMUNITY=CNES.world)(PROTOCOL=TCP)(Host=132.149.11.149)(Port=1537))(CONNECT_DATA=(SID=PR10g)(GLOBAL_NAME=PR10g.world)(CID=(PROGRAM=sqlplus)(HOST=trait-op3-ci)(USER=whi_caa))))

  VERSION INFORMATION:
	TNS for Solaris: Version 10.2.0.3.0 - Production
	TCP/IP NT Protocol Adapter for Solaris: Version 10.2.0.3.0 - Production
  Time: 05-JUN-2007 12:03:54
  Tracing not turned on.
  Tns error struct:
    ns main err code: 12541
    TNS-12541: TNS:no listener
    ns secondary err code: 12560
    nt main err code: 511
    TNS-00511: No listener
    nt secondary err code: 146
    nt OS err code: 0
